Thu 14 Sep 2023 07:14:15 PM UTC: 
 tests:  1|8
total_score: 0/70
ce46689
Thu 14 Sep 2023 07:24:05 PM UTC: 
 treemap.c | 4 +++-
 1 file changed, 3 insertions(+), 1 deletion(-)
In file included from test.c:4:
treemap.c: In function ‘createTreeMap’:
treemap.c:41:28: error: ‘key1’ undeclared (first use in this function); did you mean ‘k1’?
   41 |         int k1 = *((int*) (key1));
      |                            ^~~~
      |                            k1
treemap.c:41:28: note: each undeclared identifier is reported only once for each function it appears in
treemap.c:42:28: error: ‘key2’ undeclared (first use in this function); did you mean ‘k2’?
   42 |         int k2 = *((int*) (key2));
      |                            ^~~~
      |                            k2
treemap.c:43:18: error: returning ‘int’ from a function with return type ‘TreeMap *’ makes pointer from integer without a cast [-Werror=int-conversion]
   43 |         return k1<k2;
      |                ~~^~~
cc1: all warnings being treated as errors
Compilation failed
63fbd7a
Thu 14 Sep 2023 07:25:51 PM UTC: 
 treemap.c | 5 ++---
 1 file changed, 2 insertions(+), 3 deletions(-)
In file included from test.c:4:
treemap.c: In function ‘createTreeMap’:
treemap.c:41:20: error: expected expression before ‘TreeMap’
   41 |     TreeMap* map = TreeMap(lower_than);
      |                    ^~~~~~~
treemap.c:41:14: error: unused variable ‘map’ [-Werror=unused-variable]
   41 |     TreeMap* map = TreeMap(lower_than);
      |              ^~~
cc1: all warnings being treated as errors
Compilation failed
bfcc15b
Thu 14 Sep 2023 07:36:42 PM UTC: 
 treemap.c | 2 +-
 1 file changed, 1 insertion(+), 1 deletion(-)
In file included from test.c:4:
treemap.c: In function ‘createTreeMap’:
treemap.c:41:14: error: unused variable ‘map’ [-Werror=unused-variable]
   41 |     TreeMap* map = (TreeMap *)malloc(sizeof(lower_than));
      |              ^~~
cc1: all warnings being treated as errors
Compilation failed
a38bc50
Thu 14 Sep 2023 07:38:20 PM UTC: 
 treemap.c | 4 ++++
 1 file changed, 4 insertions(+)
In file included from test.c:4:
treemap.c: In function ‘createTreeMap’:
treemap.c:44:16: error: unused variable ‘current’ [-Werror=unused-variable]
   44 |     TreeNode * current;
      |                ^~~~~~~
cc1: all warnings being treated as errors
Compilation failed
ec93910
Thu 14 Sep 2023 07:38:37 PM UTC: 
 treemap.c | 1 -
 1 file changed, 1 deletion(-)
 tests:  1|8
total_score: 0/70
92edba6
Thu 14 Sep 2023 07:38:48 PM UTC: 
 treemap.c | 2 +-
 1 file changed, 1 insertion(+), 1 deletion(-)
In file included from test.c:4:
treemap.c: In function ‘createTreeMap’:
treemap.c:42:8: error: array subscript ‘TreeMap[0]’ is partly outside array bounds of ‘unsigned char[8]’ [-Werror=array-bounds]
   42 |     map->current = NULL;
      |        ^~
treemap.c:41:31: note: referencing an object of size 8 allocated by ‘malloc’
   41 |     TreeMap* map = (TreeMap *)malloc(sizeof(lower_than));
      |                               ^~~~~~~~~~~~~~~~~~~~~~~~~~
treemap.c:43:8: error: array subscript ‘TreeMap[0]’ is partly outside array bounds of ‘unsigned char[8]’ [-Werror=array-bounds]
   43 |     map->root = NULL;
      |        ^~
treemap.c:41:31: note: referencing an object of size 8 allocated by ‘malloc’
   41 |     TreeMap* map = (TreeMap *)malloc(sizeof(lower_than));
      |                               ^~~~~~~~~~~~~~~~~~~~~~~~~~
cc1: all warnings being treated as errors
Compilation failed
37fc036
Thu 14 Sep 2023 07:39:31 PM UTC: 
 treemap.c | 2 +-
 1 file changed, 1 insertion(+), 1 deletion(-)
In file included from test.c:4:
treemap.c: In function ‘createTreeMap’:
treemap.c:42:8: error: array subscript ‘TreeMap[0]’ is partly outside array bounds of ‘unsigned char[8]’ [-Werror=array-bounds]
   42 |     map->current = NULL;
      |        ^~
treemap.c:41:31: note: referencing an object of size 8 allocated by ‘malloc’
   41 |     TreeMap* map = (TreeMap *)malloc(sizeof(lower_than));
      |                               ^~~~~~~~~~~~~~~~~~~~~~~~~~
treemap.c:43:8: error: array subscript ‘TreeMap[0]’ is partly outside array bounds of ‘unsigned char[8]’ [-Werror=array-bounds]
   43 |     map->root = NULL;
      |        ^~
treemap.c:41:31: note: referencing an object of size 8 allocated by ‘malloc’
   41 |     TreeMap* map = (TreeMap *)malloc(sizeof(lower_than));
      |                               ^~~~~~~~~~~~~~~~~~~~~~~~~~
treemap.c:44:8: error: array subscript ‘TreeMap[0]’ is partly outside array bounds of ‘unsigned char[8]’ [-Werror=array-bounds]
   44 |     map->lower_than = lower_than;
      |        ^~
treemap.c:41:31: note: referencing an object of size 8 allocated by ‘malloc’
   41 |     TreeMap* map = (TreeMap *)malloc(sizeof(lower_than));
      |                               ^~~~~~~~~~~~~~~~~~~~~~~~~~
cc1: all warnings being treated as errors
Compilation failed
34159ae
Thu 14 Sep 2023 07:41:22 PM UTC: 
 treemap.c | 2 +-
 1 file changed, 1 insertion(+), 1 deletion(-)
In file included from test.c:4:
treemap.c: In function ‘createTreeMap’:
treemap.c:46:12: error: ‘Treemap’ undeclared (first use in this function); did you mean ‘TreeMap’?
   46 |     return Treemap*;
      |            ^~~~~~~
      |            TreeMap
treemap.c:46:12: note: each undeclared identifier is reported only once for each function it appears in
treemap.c:46:20: error: expected expression before ‘;’ token
   46 |     return Treemap*;
      |                    ^
treemap.c:47:1: error: control reaches end of non-void function [-Werror=return-type]
   47 | }
      | ^
cc1: all warnings being treated as errors
Compilation failed
9d0c5ab
Thu 14 Sep 2023 07:41:38 PM UTC: 
 treemap.c | 2 +-
 1 file changed, 1 insertion(+), 1 deletion(-)
In file included from test.c:4:
treemap.c: In function ‘createTreeMap’:
treemap.c:46:12: error: expected expression before ‘TreeMap’
   46 |     return TreeMap*;
      |            ^~~~~~~
treemap.c:47:1: error: control reaches end of non-void function [-Werror=return-type]
   47 | }
      | ^
cc1: all warnings being treated as errors
Compilation failed
b8552a2
Thu 14 Sep 2023 07:42:11 PM UTC: 
 treemap.c | 2 +-
 1 file changed, 1 insertion(+), 1 deletion(-)
In file included from test.c:4:
treemap.c: In function ‘createTreeMap’:
treemap.c:42:8: error: array subscript ‘TreeMap[0]’ is partly outside array bounds of ‘unsigned char[8]’ [-Werror=array-bounds]
   42 |     map->current = NULL;
      |        ^~
treemap.c:41:31: note: referencing an object of size 8 allocated by ‘malloc’
   41 |     TreeMap* map = (TreeMap *)malloc(sizeof(lower_than));
      |                               ^~~~~~~~~~~~~~~~~~~~~~~~~~
treemap.c:43:8: error: array subscript ‘TreeMap[0]’ is partly outside array bounds of ‘unsigned char[8]’ [-Werror=array-bounds]
   43 |     map->root = NULL;
      |        ^~
treemap.c:41:31: note: referencing an object of size 8 allocated by ‘malloc’
   41 |     TreeMap* map = (TreeMap *)malloc(sizeof(lower_than));
      |                               ^~~~~~~~~~~~~~~~~~~~~~~~~~
treemap.c:44:8: error: array subscript ‘TreeMap[0]’ is partly outside array bounds of ‘unsigned char[8]’ [-Werror=array-bounds]
   44 |     map->lower_than = lower_than;
      |        ^~
treemap.c:41:31: note: referencing an object of size 8 allocated by ‘malloc’
   41 |     TreeMap* map = (TreeMap *)malloc(sizeof(lower_than));
      |                               ^~~~~~~~~~~~~~~~~~~~~~~~~~
cc1: all warnings being treated as errors
Compilation failed
8889e69
Thu 14 Sep 2023 07:42:55 PM UTC: 
 treemap.c | 2 +-
 1 file changed, 1 insertion(+), 1 deletion(-)
 tests:  4|7
total_score: 5/70
a918338
Thu 14 Sep 2023 08:02:53 PM UTC: 
 treemap.c | 17 +++++++++++++++++
 1 file changed, 17 insertions(+)
 tests:  11|6
total_score: 15/70
0e602d5
Fri 15 Sep 2023 11:47:35 PM UTC: 
 treemap.c | 2 ++
 1 file changed, 2 insertions(+)
In file included from test.c:4:
treemap.c: In function ‘insertTreeMap’:
treemap.c:55:1: error: expected ‘=’, ‘,’, ‘;’, ‘asm’ or ‘__attribute__’ before ‘}’ token
   55 | }
      | ^
treemap.c:52:15: error: unused variable ‘current’ [-Werror=unused-variable]
   52 |     TreeNode* current = tree->root;
      |               ^~~~~~~
cc1: all warnings being treated as errors
Compilation failed
65a6fbc
Fri 15 Sep 2023 11:47:47 PM UTC: 
 treemap.c | 2 +-
 1 file changed, 1 insertion(+), 1 deletion(-)
In file included from test.c:4:
treemap.c: In function ‘insertTreeMap’:
treemap.c:53:15: error: unused variable ‘parent’ [-Werror=unused-variable]
   53 |     TreeNode* parent = NULL;
      |               ^~~~~~
treemap.c:52:15: error: unused variable ‘current’ [-Werror=unused-variable]
   52 |     TreeNode* current = tree->root;
      |               ^~~~~~~
cc1: all warnings being treated as errors
Compilation failed
f3502b5
Fri 15 Sep 2023 11:49:37 PM UTC: 
 treemap.c | 9 +++++++++
 1 file changed, 9 insertions(+)
In file included from test.c:4:
treemap.c: In function ‘insertTreeMap’:
treemap.c:60:16: error: ‘return’ with a value, in function returning void [-Werror=return-type]
   60 |         return NULL;
      |                ^~~~
treemap.c:50:6: note: declared here
   50 | void insertTreeMap(TreeMap * tree, void* key, void * value) {
      |      ^~~~~~~~~~~~~
treemap.c:54:9: error: unused variable ‘aux’ [-Werror=unused-variable]
   54 |     int aux = 0;
      |         ^~~
treemap.c:53:15: error: unused variable ‘parent’ [-Werror=unused-variable]
   53 |     TreeNode* parent = NULL;
      |               ^~~~~~
cc1: all warnings being treated as errors
Compilation failed
79eb4ed
Fri 15 Sep 2023 11:52:36 PM UTC: 
 treemap.c | 13 +++++++++++++
 1 file changed, 13 insertions(+)
In file included from test.c:4:
treemap.c: In function ‘insertTreeMap’:
treemap.c:60:16: error: ‘return’ with a value, in function returning void [-Werror=return-type]
   60 |         return NULL;
      |                ^~~~
treemap.c:50:6: note: declared here
   50 | void insertTreeMap(TreeMap * tree, void* key, void * value) {
      |      ^~~~~~~~~~~~~
treemap.c:69:11: error: expected ‘}’ before ‘else’
   69 |           else
      |           ^~~~
treemap.c:54:9: error: unused variable ‘aux’ [-Werror=unused-variable]
   54 |     int aux = 0;
      |         ^~~
treemap.c:53:15: error: variable ‘parent’ set but not used [-Werror=unused-but-set-variable]
   53 |     TreeNode* parent = NULL;
      |               ^~~~~~
treemap.c: At top level:
treemap.c:77:1: error: expected identifier or ‘(’ before ‘}’ token
   77 | }
      | ^
cc1: all warnings being treated as errors
Compilation failed
a0dfb22
Fri 15 Sep 2023 11:58:49 PM UTC: 
 treemap.c | 2 +-
 1 file changed, 1 insertion(+), 1 deletion(-)
In file included from test.c:4:
treemap.c: In function ‘insertTreeMap’:
treemap.c:60:16: error: ‘return’ with a value, in function returning void [-Werror=return-type]
   60 |         return NULL;
      |                ^~~~
treemap.c:50:6: note: declared here
   50 | void insertTreeMap(TreeMap * tree, void* key, void * value) {
      |      ^~~~~~~~~~~~~
treemap.c:54:9: error: unused variable ‘aux’ [-Werror=unused-variable]
   54 |     int aux = 0;
      |         ^~~
treemap.c:53:15: error: variable ‘parent’ set but not used [-Werror=unused-but-set-variable]
   53 |     TreeNode* parent = NULL;
      |               ^~~~~~
cc1: all warnings being treated as errors
Compilation failed
e4bec2e
Fri 15 Sep 2023 11:59:42 PM UTC: 
 treemap.c | 2 +-
 1 file changed, 1 insertion(+), 1 deletion(-)
In file included from test.c:4:
treemap.c: In function ‘insertTreeMap’:
treemap.c:54:9: error: unused variable ‘aux’ [-Werror=unused-variable]
   54 |     int aux = 0;
      |         ^~~
treemap.c:53:15: error: variable ‘parent’ set but not used [-Werror=unused-but-set-variable]
   53 |     TreeNode* parent = NULL;
      |               ^~~~~~
cc1: all warnings being treated as errors
Compilation failed
cc8b02f
Sat 16 Sep 2023 12:00:30 AM UTC: 
 treemap.c | 24 +++++-------------------
 1 file changed, 5 insertions(+), 19 deletions(-)
test.c: In function ‘insertTreeMap’:
test.c:503:5: error: ‘main’ is normally a non-static function [-Werror=main]
  503 | int main( int argc, char *argv[] ) {
      |     ^~~~
test.c:606:1: error: expected declaration or statement at end of input
  606 | }
      | ^
test.c:606:1: error: expected declaration or statement at end of input
test.c:606:1: error: expected declaration or statement at end of input
test.c:606:1: error: expected declaration or statement at end of input
In file included from test.c:4:
treemap.c:52:15: error: variable ‘parent’ set but not used [-Werror=unused-but-set-variable]
   52 |     TreeNode* parent = NULL;
      |               ^~~~~~
At top level:
test.c:503:5: error: ‘main’ defined but not used [-Werror=unused-function]
  503 | int main( int argc, char *argv[] ) {
      |     ^~~~
cc1: all warnings being treated as errors
Compilation failed
755ddeb
Sat 16 Sep 2023 12:00:53 AM UTC: 
 treemap.c | 3 +++
 1 file changed, 3 insertions(+)
test.c: In function ‘insertTreeMap’:
test.c:503:5: error: ‘main’ is normally a non-static function [-Werror=main]
  503 | int main( int argc, char *argv[] ) {
      |     ^~~~
test.c:606:1: error: expected declaration or statement at end of input
  606 | }
      | ^
In file included from test.c:4:
treemap.c:52:15: error: variable ‘parent’ set but not used [-Werror=unused-but-set-variable]
   52 |     TreeNode* parent = NULL;
      |               ^~~~~~
At top level:
test.c:503:5: error: ‘main’ defined but not used [-Werror=unused-function]
  503 | int main( int argc, char *argv[] ) {
      |     ^~~~
cc1: all warnings being treated as errors
Compilation failed
24453b0
Sat 16 Sep 2023 12:04:13 AM UTC: 
 treemap.c | 7 +++++--
 1 file changed, 5 insertions(+), 2 deletions(-)
test.c: In function ‘insertTreeMap’:
test.c:503:5: error: ‘main’ is normally a non-static function [-Werror=main]
  503 | int main( int argc, char *argv[] ) {
      |     ^~~~
test.c:606:1: error: expected declaration or statement at end of input
  606 | }
      | ^
In file included from test.c:4:
treemap.c:52:15: error: variable ‘parent’ set but not used [-Werror=unused-but-set-variable]
   52 |     TreeNode* parent = NULL;
      |               ^~~~~~
At top level:
test.c:503:5: error: ‘main’ defined but not used [-Werror=unused-function]
  503 | int main( int argc, char *argv[] ) {
      |     ^~~~
cc1: all warnings being treated as errors
Compilation failed
4320902
Sat 16 Sep 2023 12:08:46 AM UTC: 
 treemap.c | 1 +
 1 file changed, 1 insertion(+)
In file included from test.c:4:
treemap.c: In function ‘insertTreeMap’:
treemap.c:52:15: error: variable ‘parent’ set but not used [-Werror=unused-but-set-variable]
   52 |     TreeNode* parent = NULL;
      |               ^~~~~~
cc1: all warnings being treated as errors
Compilation failed
7e96ffd
Sat 16 Sep 2023 12:08:57 AM UTC: 
 treemap.c | 1 -
 1 file changed, 1 deletion(-)
In file included from test.c:4:
treemap.c: In function ‘insertTreeMap’:
treemap.c:57:13: error: ‘parent’ undeclared (first use in this function)
   57 |             parent = current;
      |             ^~~~~~
treemap.c:57:13: note: each undeclared identifier is reported only once for each function it appears in
Compilation failed
f84aee3
Sat 16 Sep 2023 12:09:06 AM UTC: 
 treemap.c | 1 +
 1 file changed, 1 insertion(+)
In file included from test.c:4:
treemap.c: In function ‘insertTreeMap’:
treemap.c:52:15: error: variable ‘parent’ set but not used [-Werror=unused-but-set-variable]
   52 |     TreeNode* parent = NULL;
      |               ^~~~~~
cc1: all warnings being treated as errors
Compilation failed
7708269
Sat 16 Sep 2023 12:10:01 AM UTC: 
 treemap.c | 13 +++++++++----
 1 file changed, 9 insertions(+), 4 deletions(-)
In file included from test.c:4:
treemap.c: In function ‘insertTreeMap’:
treemap.c:52:15: error: variable ‘parent’ set but not used [-Werror=unused-but-set-variable]
   52 |     TreeNode* parent = NULL;
      |               ^~~~~~
cc1: all warnings being treated as errors
Compilation failed
b35fe56
Sat 16 Sep 2023 12:11:28 AM UTC: 
 treemap.c | 5 ++---
 1 file changed, 2 insertions(+), 3 deletions(-)
 tests:  13|5
total_score: 15/70
c191d09
Sat 16 Sep 2023 12:29:22 AM UTC: 
 treemap.c | 26 ++++++++++++++++++++++++--
 1 file changed, 24 insertions(+), 2 deletions(-)
In file included from test.c:4:
treemap.c: In function ‘removeNode’:
treemap.c:85:9: error: assignment to ‘TreeMap *’ from ‘int’ makes pointer from integer without a cast [-Werror=int-conversion]
   85 | if (tree=NULL || node == NULL)
      |         ^
treemap.c:85:5: error: suggest parentheses around assignment used as truth value [-Werror=parentheses]
   85 | if (tree=NULL || node == NULL)
      |     ^~~~
cc1: all warnings being treated as errors
Compilation failed
b0c9219
Sat 16 Sep 2023 12:29:56 AM UTC: 
 treemap.c | 2 +-
 1 file changed, 1 insertion(+), 1 deletion(-)
 tests:  0|0
790029a
Sat 16 Sep 2023 12:30:16 AM UTC: 
 treemap.c | 2 +-
 1 file changed, 1 insertion(+), 1 deletion(-)
In file included from test.c:4:
treemap.c:107:2: error: data definition has no type or storage class [-Werror]
  107 | }free(node);
      |  ^~~~
treemap.c:107:2: error: type defaults to ‘int’ in declaration of ‘free’ [-Werror=implicit-int]
treemap.c:107:1: error: parameter names (without types) in function declaration [-Werror]
  107 | }free(node);
      | ^
treemap.c:107:2: error: conflicting types for ‘free’; have ‘int()’
  107 | }free(node);
      |  ^~~~
In file included from test.c:2:
/nix/store/4pqv2mwdn88h7xvsm7a5zplrd8sxzvw0-glibc-2.35-163-dev/include/stdlib.h:555:13: note: previous declaration of ‘free’ with type ‘void(void *)’
  555 | extern void free (void *__ptr) __THROW;
      |             ^~~~
cc1: all warnings being treated as errors
Compilation failed
72febd7
Sat 16 Sep 2023 12:30:28 AM UTC: 
 treemap.c | 3 ++-
 1 file changed, 2 insertions(+), 1 deletion(-)
 tests:  14|5
total_score: 20/70
f117ba9
Sat 16 Sep 2023 01:09:07 AM UTC: 
 treemap.c | 25 +++++++++++++++++++++++++
 1 file changed, 25 insertions(+)
In file included from test.c:4:
treemap.c: In function ‘removeNode’:
treemap.c:116:28: error: expected ‘;’ before ‘}’ token
  116 |         child = node->right
      |                            ^
      |                            ;
  117 |       }
      |       ~                     
treemap.c:126:19: error: ‘child’ undeclared (first use in this function)
  126 |      tree->root = child;
      |                   ^~~~~
treemap.c:126:19: note: each undeclared identifier is reported only once for each function it appears in
Compilation failed
d7d2531
Sat 16 Sep 2023 01:09:21 AM UTC: 
 treemap.c | 2 +-
 1 file changed, 1 insertion(+), 1 deletion(-)
In file included from test.c:4:
treemap.c: In function ‘removeNode’:
treemap.c:126:19: error: ‘child’ undeclared (first use in this function)
  126 |      tree->root = child;
      |                   ^~~~~
treemap.c:126:19: note: each undeclared identifier is reported only once for each function it appears in
Compilation failed
c891a92
Sat 16 Sep 2023 01:19:52 AM UTC: 
 treemap.c | 12 ++++++++++++
 1 file changed, 12 insertions(+)
In file included from test.c:4:
treemap.c: In function ‘removeNode’:
treemap.c:126:20: error: ‘child’ undeclared (first use in this function)
  126 |       tree->root = child;
      |                    ^~~~~
treemap.c:126:20: note: each undeclared identifier is reported only once for each function it appears in
treemap.c:131:1: error: ‘else’ without a previous ‘if’
  131 | else
      | ^~~~
treemap.c:135:10: error: variable or field ‘auxKey’ declared void
  135 |     void auxKey = node->pair-key;
      |          ^~~~~~
treemap.c:135:30: error: ‘key’ undeclared (first use in this function); did you mean ‘key_t’?
  135 |     void auxKey = node->pair-key;
      |                              ^~~
      |                              key_t
treemap.c:139:5: error: ‘minimun’ undeclared (first use in this function); did you mean ‘minimum’?
  139 |     minimun ->pair->key = auxKey;
      |     ^~~~~~~
      |     minimum
Compilation failed
ec9781d
Sat 16 Sep 2023 01:20:13 AM UTC: 
 treemap.c | 2 +-
 1 file changed, 1 insertion(+), 1 deletion(-)
In file included from test.c:4:
treemap.c: In function ‘removeNode’:
treemap.c:126:20: error: ‘child’ undeclared (first use in this function)
  126 |       tree->root = child;
      |                    ^~~~~
treemap.c:126:20: note: each undeclared identifier is reported only once for each function it appears in
treemap.c:131:1: error: ‘else’ without a previous ‘if’
  131 | else
      | ^~~~
treemap.c:135:31: error: ‘key’ undeclared (first use in this function); did you mean ‘key_t’?
  135 |     void* auxKey = node->pair-key;
      |                               ^~~
      |                               key_t
treemap.c:139:5: error: ‘minimun’ undeclared (first use in this function); did you mean ‘minimum’?
  139 |     minimun ->pair->key = auxKey;
      |     ^~~~~~~
      |     minimum
Compilation failed
d054c11
Sat 16 Sep 2023 01:20:37 AM UTC: 
 treemap.c | 2 +-
 1 file changed, 1 insertion(+), 1 deletion(-)
In file included from test.c:4:
treemap.c: In function ‘removeNode’:
treemap.c:126:20: error: ‘child’ undeclared (first use in this function)
  126 |       tree->root = child;
      |                    ^~~~~
treemap.c:126:20: note: each undeclared identifier is reported only once for each function it appears in
treemap.c:131:1: error: ‘else’ without a previous ‘if’
  131 | else
      | ^~~~
treemap.c:135:31: error: ‘key’ undeclared (first use in this function); did you mean ‘key_t’?
  135 |     void* auxKey = node->pair-key;
      |                               ^~~
      |                               key_t
Compilation failed
6c0ba90
Sat 16 Sep 2023 01:22:02 AM UTC: 
 treemap.c | 24 ++++++------------------
 1 file changed, 6 insertions(+), 18 deletions(-)
 tests:  14|5
total_score: 20/70
369376f
Sat 16 Sep 2023 01:23:47 AM UTC: 
 treemap.c | 31 +++++++++++++++++++++----------
 1 file changed, 21 insertions(+), 10 deletions(-)
 tests:  14|5
total_score: 20/70
59c894f
